=================================================
DevHound started ...
Monitor is running...
DevHound is stopped!
=================================================
DevHound started ...
Monitor is running...
DevHound is stopped!
=================================================
DevHound started ...
Monitor is running...
DevHound is stopped!
=================================================
DevHound started ...
Monitor is running...
DevHound is stopped!
=================================================
DevHound started ...
Monitor is running...
DevHound is stopped!
=================================================
DevHound started ...
Monitor is running...
DevHound is stopped!
=================================================
DevHound started ...
Monitor is running...
DevHound is stopped!
=================================================
DevHound started ...
Monitor is running...
DevHound is stopped!
=================================================
DevHound started ...
Monitor is running...
DevHound is stopped!
=================================================
DevHound started ...
Monitor is running...
DevHound is stopped!
=================================================
DevHound started ...
Monitor is running...
DevHound is stopped!
=================================================
DevHound started ...
Monitor is running...
=================================================
DevHound started ...
Monitor is running...
DevHound is stopped!
=================================================
DevHound started ...
Monitor is running...
DevHound is stopped!
=================================================
DevHound started ...
Monitor is running...
DevHound is stopped!
=================================================
DevHound started ...
Monitor is running...
=================================================
DevHound started ...
Monitor is running...
=================================================
DevHound started ...
Monitor is running...
DevHound is stopped!
=================================================
DevHound started ...
Monitor is running...
=================================================
DevHound started ...
Monitor is running...
DevHound is stopped!
=================================================
DevHound started ...
Monitor is running...
=================================================
DevHound started ...
Monitor is running...
DevHound is stopped!
=================================================
DevHound started ...
Monitor is running...
=================================================
DevHound started ...
Monitor is running...
DevHound is stopped!
=================================================
DevHound started ...
Monitor is running...
DevHound is stopped!
=================================================
DevHound started ...
Monitor is running...
DevHound is stopped!
=================================================
DevHound started ...
Monitor is running...
DevHound is stopped!
=================================================
DevHound started ...
Monitor is running...
DevHound is stopped!
=================================================
DevHound started ...
Monitor is running...
DevHound is stopped!
=================================================
DevHound started ...
Monitor is running...
DevHound is stopped!
=================================================
DevHound started ...
Monitor is running...
DevHound is stopped!
=================================================
DevHound started ...
Monitor is running...
DevHound is stopped!
=================================================
DevHound started ...
Monitor is running...
DevHound is stopped!
=================================================
DevHound started ...
Monitor is running...
DevHound is stopped!
=================================================
DevHound started ...
Monitor is running...
DevHound is stopped!
=================================================
DevHound started ...
Monitor is running...
DevHound is stopped!
=================================================
DevHound started ...
Monitor is running...
DevHound is stopped!
=================================================
DevHound started ...
Monitor is running...
DevHound is stopped!
=================================================
DevHound started ...
Monitor is running...
DevHound is stopped!
=================================================
DevHound started ...
Monitor is running...
DevHound is stopped!
=================================================
DevHound started ...
Monitor is running...
DevHound is stopped!
=================================================
DevHound started ...
Monitor is running...
DevHound is stopped!
=================================================
DevHound started ...
Monitor is running...
DevHound is stopped!
=================================================
DevHound started ...
Monitor is running...
DevHound is stopped!
=================================================
DevHound started ...
Monitor is running...
DevHound is stopped!
=================================================
DevHound started ...
Monitor is running...
DevHound is stopped!
=================================================
DevHound started ...
Monitor is running...
DevHound is stopped!
=================================================
DevHound started ...
Monitor is running...
DevHound is stopped!
=================================================
DevHound started ...
Monitor is running...
DevHound is stopped!
=================================================
DevHound started ...
Monitor is running...
DevHound is stopped!
=================================================
DevHound started ...
Monitor is running...
DevHound is stopped!
=================================================
DevHound started ...
Monitor is running...
DevHound is stopped!
=================================================
DevHound started ...
Monitor is running...
DevHound is stopped!
=================================================
DevHound started ...
Monitor is running...
DevHound is stopped!
=================================================
DevHound started ...
Monitor is running...
DevHound is stopped!
=================================================
DevHound started ...
Monitor is running...
DevHound is stopped!
=================================================
DevHound started ...
Monitor is running...
DevHound is stopped!
=================================================
DevHound started ...
Monitor is running...
DevHound is stopped!
=================================================
DevHound started ...
Monitor is running...
DevHound is stopped!
=================================================
DevHound started ...
Monitor is running...
DevHound is stopped!
=================================================
DevHound started ...
Monitor is running...
DevHound is stopped!
=================================================
DevHound started ...
Monitor is running...
DevHound is stopped!
=================================================
DevHound started ...
Monitor is running...
DevHound is stopped!
=================================================
DevHound started ...
Monitor is running...
DevHound is stopped!
=================================================
DevHound started ...
Monitor is running...
DevHound is stopped!
=================================================
DevHound started ...
Monitor is running...
DevHound is stopped!
=================================================
DevHound started ...
Monitor is running...
DevHound is stopped!
=================================================
DevHound started ...
Monitor is running...
DevHound is stopped!
=================================================
DevHound started ...
Monitor is running...
DevHound is stopped!
=================================================
DevHound started ...
Monitor is running...
DevHound is stopped!
=================================================
DevHound started ...
Monitor is running...
DevHound is stopped!
=================================================
DevHound started ...
Monitor is running...
DevHound is stopped!
=================================================
DevHound started ...
Monitor is running...
DevHound is stopped!
=================================================
DevHound started ...
Monitor is running...
DevHound is stopped!
=================================================
DevHound started ...
Monitor is running...
DevHound is stopped!
=================================================
DevHound started ...
Monitor is running...
DevHound is stopped!
=================================================
DevHound started ...
Monitor is running...
DevHound is stopped!
=================================================
DevHound started ...
Monitor is running...
SendToUpLayer port = 142 Removed
DevHound is stopped!
=================================================
DevHound started ...
Monitor is running...
DevHound is stopped!
=================================================
DevHound started ...
Monitor is running...
DevHound is stopped!
=================================================
DevHound started ...
Monitor is running...
SendToUpLayer port = 142 Removed
=================================================
DevHound started ...
Monitor is running...
SendToUpLayer port = 10 PlugIn
SendToUpLayer port = 10 Removed
SendToUpLayer port = 10 PlugIn
SendToUpLayer port = 10 Removed
SendToUpLayer port = 10 PlugIn
SendToUpLayer port = 10 Removed
SendToUpLayer port = 10 PlugIn
SendToUpLayer port = 10 Removed
SendToUpLayer port = 10 PlugIn
SendToUpLayer port = 10 Removed
=================================================
DevHound started ...
Monitor is running...
DevHound is stopped!
=================================================
DevHound started ...
Monitor is running...
DevHound is stopped!
=================================================
DevHound started ...
Monitor is running...
DevHound is stopped!
=================================================
DevHound started ...
Monitor is running...
DevHound is stopped!
=================================================
DevHound started ...
Monitor is running...
DevHound is stopped!
=================================================
DevHound started ...
Monitor is running...
DevHound is stopped!
=================================================
DevHound started ...
Monitor is running...
DevHound is stopped!
=================================================
DevHound started ...
Monitor is running...
DevHound is stopped!
=================================================
DevHound started ...
Monitor is running...
DevHound is stopped!
=================================================
DevHound started ...
Monitor is running...
DevHound is stopped!
=================================================
DevHound started ...
Monitor is running...
DevHound is stopped!
=================================================
DevHound started ...
Monitor is running...
DevHound is stopped!
=================================================
DevHound started ...
Monitor is running...
DevHound is stopped!
=================================================
DevHound started ...
Monitor is running...
SendToUpLayer port = 10 Removed
DevHound is stopped!
=================================================
DevHound started ...
Monitor is running...
DevHound is stopped!
=================================================
DevHound started ...
Monitor is running...
SendToUpLayer port = 10 PlugIn
SendToUpLayer port = 10 Removed
=================================================
DevHound started ...
Monitor is running...
DevHound is stopped!
=================================================
DevHound started ...
Monitor is running...
DevHound is stopped!
=================================================
DevHound started ...
Monitor is running...
DevHound is stopped!
=================================================
DevHound started ...
Monitor is running...
SendToUpLayer port = 3 PlugIn
SendToUpLayer port = 4 PlugIn
DevHound is stopped!
[3 - Information] =================================================
[3 - Information] DevHound started ...
[5 - Verbose    ] Monitor is running...
[3 - Information] DevHound is stopped!
[3 - Information] =================================================
[3 - Information] DevHound started ...
[5 - Verbose    ] Monitor is running...
[3 - Information] DevHound is stopped!
[3 - Information] =================================================
[3 - Information] DevHound started ...
[5 - Verbose    ] Monitor is running...
[3 - Information] DevHound is stopped!
[3 - Information] =================================================
[3 - Information] DevHound started ...
[5 - Verbose    ] Monitor is running...
[3 - Information] DevHound is stopped!
[3 - Information] =================================================
[3 - Information] DevHound started ...
[5 - Verbose    ] Monitor is running...
[3 - Information] DevHound is stopped!
[3 - Information] =================================================
[3 - Information] DevHound started ...
[5 - Verbose    ] Monitor is running...
[3 - Information] DevHound is stopped!
[3 - Information] =================================================
[3 - Information] DevHound started ...
[5 - Verbose    ] Monitor is running...
[3 - Information] SendToUpLayer port = 10 Removed
[3 - Information] SendToUpLayer port = 10 PlugIn
[3 - Information] SendToUpLayer port = 10 Removed
[3 - Information] SendToUpLayer port = 10 PlugIn
[3 - Information] SendToUpLayer port = 10 Removed
[3 - Information] SendToUpLayer port = 10 PlugIn
